Determining if the pthread_create exist failed with the following output:
Change Dir: /home/mdas/ros_ws/build/CMakeFiles/CMakeTmp

Run Build Command:/usr/bin/make "cmTryCompileExec3000335706/fast"
/usr/bin/make -f CMakeFiles/cmTryCompileExec3000335706.dir/build.make CMakeFiles/cmTryCompileExec3000335706.dir/build
make[1]: Entering directory `/home/mdas/ros_ws/build/CMakeFiles/CMakeTmp'
/usr/bin/cmake -E cmake_progress_report /home/mdas/ros_ws/build/CMakeFiles/CMakeTmp/CMakeFiles 1
Building C object CMakeFiles/cmTryCompileExec3000335706.dir/CheckSymbolExists.c.o
/usr/bin/cc    -o CMakeFiles/cmTryCompileExec3000335706.dir/CheckSymbolExists.c.o   -c /home/mdas/ros_ws/build/CMakeFiles/CMakeTmp/CheckSymbolExists.c
Linking C executable cmTryCompileExec3000335706
/usr/bin/cmake -E cmake_link_script CMakeFiles/cmTryCompileExec3000335706.dir/link.txt --verbose=1
/usr/bin/cc       CMakeFiles/cmTryCompileExec3000335706.dir/CheckSymbolExists.c.o  -o cmTryCompileExec3000335706 -rdynamic 
CMakeFiles/cmTryCompileExec3000335706.dir/CheckSymbolExists.c.o: In function `main':
CheckSymbolExists.c:(.text+0x16): undefined reference to `pthread_create'
collect2: error: ld returned 1 exit status
make[1]: Leaving directory `/home/mdas/ros_ws/build/CMakeFiles/CMakeTmp'
make[1]: *** [cmTryCompileExec3000335706] Error 1
make: *** [cmTryCompileExec3000335706/fast] Error 2

File /home/mdas/ros_ws/build/CMakeFiles/CMakeTmp/CheckSymbolExists.c:
/* */
#include <pthread.h>

int main(int argc, char** argv)
{
  (void)argv;
#ifndef pthread_create
  return ((int*)(&pthread_create))[argc];
#else
  (void)argc;
  return 0;
#endif
}

Determining if the function pthread_create exists in the pthreads failed with the following output:
Change Dir: /home/mdas/ros_ws/build/CMakeFiles/CMakeTmp

Run Build Command:/usr/bin/make "cmTryCompileExec1416736989/fast"
/usr/bin/make -f CMakeFiles/cmTryCompileExec1416736989.dir/build.make CMakeFiles/cmTryCompileExec1416736989.dir/build
make[1]: Entering directory `/home/mdas/ros_ws/build/CMakeFiles/CMakeTmp'
/usr/bin/cmake -E cmake_progress_report /home/mdas/ros_ws/build/CMakeFiles/CMakeTmp/CMakeFiles 1
Building C object CMakeFiles/cmTryCompileExec1416736989.dir/CheckFunctionExists.c.o
/usr/bin/cc   -DCHECK_FUNCTION_EXISTS=pthread_create   -o CMakeFiles/cmTryCompileExec1416736989.dir/CheckFunctionExists.c.o   -c /usr/share/cmake-2.8/Modules/CheckFunctionExists.c
Linking C executable cmTryCompileExec1416736989
/usr/bin/cmake -E cmake_link_script CMakeFiles/cmTryCompileExec1416736989.dir/link.txt --verbose=1
/usr/bin/cc   -DCHECK_FUNCTION_EXISTS=pthread_create    CMakeFiles/cmTryCompileExec1416736989.dir/CheckFunctionExists.c.o  -o cmTryCompileExec1416736989 -rdynamic -lpthreads 
/usr/bin/ld: cannot find -lpthreads
collect2: error: ld returned 1 exit status
make[1]: *** [cmTryCompileExec1416736989] Error 1
make[1]: Leaving directory `/home/mdas/ros_ws/build/CMakeFiles/CMakeTmp'
make: *** [cmTryCompileExec1416736989/fast] Error 2


Determining if the Q_WS_WIN exist failed with the following output:
Change Dir: /home/mdas/ros_ws/build/CMakeFiles/CMakeTmp

Run Build Command:/usr/bin/make "cmTryCompileExec2113478481/fast"
/usr/bin/make -f CMakeFiles/cmTryCompileExec2113478481.dir/build.make CMakeFiles/cmTryCompileExec2113478481.dir/build
make[1]: Entering directory `/home/mdas/ros_ws/build/CMakeFiles/CMakeTmp'
/usr/bin/cmake -E cmake_progress_report /home/mdas/ros_ws/build/CMakeFiles/CMakeTmp/CMakeFiles 1
Building CXX object CMakeFiles/cmTryCompileExec2113478481.dir/CheckSymbolExists.cxx.o
/usr/bin/c++    -I/usr/include/qt4    -o CMakeFiles/cmTryCompileExec2113478481.dir/CheckSymbolExists.cxx.o -c /home/mdas/ros_ws/build/CMakeFiles/CMakeTmp/CheckSymbolExists.cxx
/home/mdas/ros_ws/build/CMakeFiles/CMakeTmp/CheckSymbolExists.cxx: In function ‘int main(int, char**)’:
/home/mdas/ros_ws/build/CMakeFiles/CMakeTmp/CheckSymbolExists.cxx:8:19: error: ‘Q_WS_WIN’ was not declared in this scope
   return ((int*)(&Q_WS_WIN))[argc];
                   ^
make[1]: Leaving directory `/home/mdas/ros_ws/build/CMakeFiles/CMakeTmp'
make[1]: *** [CMakeFiles/cmTryCompileExec2113478481.dir/CheckSymbolExists.cxx.o] Error 1
make: *** [cmTryCompileExec2113478481/fast] Error 2

File /home/mdas/ros_ws/build/CMakeFiles/CMakeTmp/CheckSymbolExists.cxx:
/* */
#include <QtCore/qglobal.h>

int main(int argc, char** argv)
{
  (void)argv;
#ifndef Q_WS_WIN
  return ((int*)(&Q_WS_WIN))[argc];
#else
  (void)argc;
  return 0;
#endif
}

Determining if the Q_WS_QWS exist failed with the following output:
Change Dir: /home/mdas/ros_ws/build/CMakeFiles/CMakeTmp

Run Build Command:/usr/bin/make "cmTryCompileExec481072445/fast"
/usr/bin/make -f CMakeFiles/cmTryCompileExec481072445.dir/build.make CMakeFiles/cmTryCompileExec481072445.dir/build
make[1]: Entering directory `/home/mdas/ros_ws/build/CMakeFiles/CMakeTmp'
/usr/bin/cmake -E cmake_progress_report /home/mdas/ros_ws/build/CMakeFiles/CMakeTmp/CMakeFiles 1
Building CXX object CMakeFiles/cmTryCompileExec481072445.dir/CheckSymbolExists.cxx.o
/usr/bin/c++    -I/usr/include/qt4    -o CMakeFiles/cmTryCompileExec481072445.dir/CheckSymbolExists.cxx.o -c /home/mdas/ros_ws/build/CMakeFiles/CMakeTmp/CheckSymbolExists.cxx
/home/mdas/ros_ws/build/CMakeFiles/CMakeTmp/CheckSymbolExists.cxx: In function ‘int main(int, char**)’:
/home/mdas/ros_ws/build/CMakeFiles/CMakeTmp/CheckSymbolExists.cxx:8:19: error: ‘Q_WS_QWS’ was not declared in this scope
   return ((int*)(&Q_WS_QWS))[argc];
                   ^
make[1]: Leaving directory `/home/mdas/ros_ws/build/CMakeFiles/CMakeTmp'
make[1]: *** [CMakeFiles/cmTryCompileExec481072445.dir/CheckSymbolExists.cxx.o] Error 1
make: *** [cmTryCompileExec481072445/fast] Error 2

File /home/mdas/ros_ws/build/CMakeFiles/CMakeTmp/CheckSymbolExists.cxx:
/* */
#include <QtCore/qglobal.h>

int main(int argc, char** argv)
{
  (void)argv;
#ifndef Q_WS_QWS
  return ((int*)(&Q_WS_QWS))[argc];
#else
  (void)argc;
  return 0;
#endif
}

Determining if the Q_WS_MAC exist failed with the following output:
Change Dir: /home/mdas/ros_ws/build/CMakeFiles/CMakeTmp

Run Build Command:/usr/bin/make "cmTryCompileExec1214312206/fast"
/usr/bin/make -f CMakeFiles/cmTryCompileExec1214312206.dir/build.make CMakeFiles/cmTryCompileExec1214312206.dir/build
make[1]: Entering directory `/home/mdas/ros_ws/build/CMakeFiles/CMakeTmp'
/usr/bin/cmake -E cmake_progress_report /home/mdas/ros_ws/build/CMakeFiles/CMakeTmp/CMakeFiles 1
Building CXX object CMakeFiles/cmTryCompileExec1214312206.dir/CheckSymbolExists.cxx.o
/usr/bin/c++    -I/usr/include/qt4    -o CMakeFiles/cmTryCompileExec1214312206.dir/CheckSymbolExists.cxx.o -c /home/mdas/ros_ws/build/CMakeFiles/CMakeTmp/CheckSymbolExists.cxx
/home/mdas/ros_ws/build/CMakeFiles/CMakeTmp/CheckSymbolExists.cxx: In function ‘int main(int, char**)’:
/home/mdas/ros_ws/build/CMakeFiles/CMakeTmp/CheckSymbolExists.cxx:8:19: error: ‘Q_WS_MAC’ was not declared in this scope
   return ((int*)(&Q_WS_MAC))[argc];
                   ^
make[1]: *** [CMakeFiles/cmTryCompileExec1214312206.dir/CheckSymbolExists.cxx.o] Error 1
make[1]: Leaving directory `/home/mdas/ros_ws/build/CMakeFiles/CMakeTmp'
make: *** [cmTryCompileExec1214312206/fast] Error 2

File /home/mdas/ros_ws/build/CMakeFiles/CMakeTmp/CheckSymbolExists.cxx:
/* */
#include <QtCore/qglobal.h>

int main(int argc, char** argv)
{
  (void)argv;
#ifndef Q_WS_MAC
  return ((int*)(&Q_WS_MAC))[argc];
#else
  (void)argc;
  return 0;
#endif
}

